INFO:OCC.Display.backend:backend loaded: qt-pyqt5
INFO:OCC.Display.backend:backend loaded: qt-pyqt5
INFO:OCC.Display.backend:backend loaded: qt-pyqt5
INFO:OCC.Display.backend:backend loaded: qt-pyqt5
INFO:OCC.Display.backend:backend loaded: qt-pyqt5
INFO:OCC.Display.backend:backend loaded: qt-pyqt5
INFO:OCC.Display.backend:backend loaded: qt-pyqt5
INFO:OCC.Display.backend:backend loaded: qt-pyqt5
INFO:OCC.Display.backend:backend loaded: qt-pyqt5
INFO:OCC.Display.backend:backend loaded: qt-pyqt5
INFO:OCC.Display.backend:backend loaded: qt-pyqt5
INFO:OCC.Display.backend:backend loaded: qt-pyqt5
INFO:OCC.Display.backend:backend loaded: qt-pyqt5
INFO:OCC.Display.backend:backend loaded: qt-pyqt5
INFO:OCC.Display.backend:backend loaded: qt-pyqt5
INFO:OCC.Display.backend:backend loaded: qt-pyqt5
INFO:OCC.Display.backend:backend loaded: qt-pyqt5
INFO:OCC.Display.backend:backend loaded: qt-pyqt5
INFO:OCC.Display.backend:backend loaded: qt-pyqt5
INFO:OCC.Display.qtDisplay:key: "D"(code 68) not mapped to any function
INFO:OCC.Display.qtDisplay:key: "D"(code 68) not mapped to any function
INFO:OCC.Display.qtDisplay:key: "Q"(code 81) not mapped to any function
INFO:OCC.Display.qtDisplay:key: "Q"(code 81) not mapped to any function
INFO:OCC.Display.qtDisplay:key: "E"(code 69) not mapped to any function
INFO:OCC.Display.qtDisplay:key: "R"(code 82) not mapped to any function
INFO:OCC.Display.qtDisplay:key: "T"(code 84) not mapped to any function
INFO:OCC.Display.backend:backend loaded: qt-pyqt5
INFO:OCC.Display.backend:backend loaded: qt-pyqt5
INFO:OCC.Display.backend:backend loaded: qt-pyqt5
INFO:OCC.Display.backend:backend loaded: qt-pyqt5
INFO:OCC.Display.backend:backend loaded: qt-pyqt5
INFO:OCC.Display.backend:backend loaded: qt-pyqt5
INFO:OCC.Display.backend:backend loaded: qt-pyqt5
INFO:OCC.Display.backend:backend loaded: qt-pyqt5
INFO:OCC.Display.backend:backend loaded: qt-pyqt5
INFO:OCC.Display.backend:backend loaded: qt-pyqt5
INFO:OCC.Display.backend:backend loaded: qt-pyqt5
INFO:OCC.Display.backend:backend loaded: qt-pyqt5
INFO:OCC.Display.backend:backend loaded: qt-pyqt5
INFO:OCC.Display.backend:backend loaded: qt-pyqt5
INFO:OCC.Display.backend:backend loaded: qt-pyqt5
INFO:OCC.Display.backend:backend loaded: qt-pyqt5
INFO:OCC.Display.backend:backend loaded: qt-pyqt5
INFO:OCC.Display.backend:backend loaded: qt-pyqt5
INFO:OCC.Display.backend:backend loaded: qt-pyqt5
INFO:OCC.Display.backend:backend loaded: qt-pyqt5
INFO:OCC.Display.backend:backend loaded: qt-pyqt5
INFO:OCC.Display.backend:backend loaded: qt-pyqt5
INFO:OCC.Display.backend:backend loaded: qt-pyqt5
INFO:OCC.Display.backend:backend loaded: qt-pyqt5
INFO:OCC.Display.backend:backend loaded: qt-pyqt5
INFO:OCC.Display.backend:backend loaded: qt-pyqt5
INFO:OCC.Display.backend:backend loaded: qt-pyqt5
INFO:OCC.Display.backend:backend loaded: qt-pyqt5
INFO:OCC.Display.backend:backend loaded: qt-pyqt5
INFO:OCC.Display.backend:backend loaded: qt-pyqt5
INFO:OCC.Display.backend:backend loaded: qt-pyqt5
INFO:OCC.Display.backend:backend loaded: qt-pyqt5
INFO:OCC.Display.backend:backend loaded: qt-pyqt5
INFO:OCC.Display.backend:backend loaded: qt-pyqt5
INFO:OCC.Display.backend:backend loaded: qt-pyqt5
INFO:OCC.Display.backend:backend loaded: qt-pyqt5
INFO:OCC.Display.backend:backend loaded: qt-pyqt5
INFO:OCC.Display.backend:backend loaded: qt-pyqt5
INFO:OCC.Display.backend:backend loaded: qt-pyqt5
INFO:OCC.Display.backend:backend loaded: qt-pyqt5
